2025-11-13 16:32:45 [INFO] __main__ [main_orchestrator.py:31]: Inicializando Sports Analytics Pipeline...
2025-11-13 16:32:46 [INFO] database [database.py:111]: Schema do banco de dados criado com sucesso
2025-11-13 16:32:46 [INFO] database [database.py:33]: Banco de dados inicializado: C:\Users\ma720097\OneDrive - Valmont Industries, Inc\Documents\bet\data\database\sports_analytics.db
2025-11-13 16:32:46 [INFO] __main__ [main_orchestrator.py:337]: 
============================================================
2025-11-13 16:32:46 [INFO] __main__ [main_orchestrator.py:338]: SPORTS ANALYTICS PIPELINE - INICIANDO
2025-11-13 16:32:46 [INFO] __main__ [main_orchestrator.py:339]: ============================================================

2025-11-13 16:32:46 [ERROR] __main__ [main_orchestrator.py:53]: Arquivo leagues.json não encontrado
2025-11-13 16:32:46 [INFO] __main__ [main_orchestrator.py:345]: Operação cancelada pelo usuário
2025-11-13 16:32:46 [INFO] database [database.py:194]: Conexão com banco de dados fechada
2025-11-13 16:42:22 [INFO] __main__ [main_orchestrator.py:36]: Inicializando Sports Analytics Pipeline...
2025-11-13 16:42:22 [INFO] database [database.py:111]: Schema do banco de dados criado com sucesso
2025-11-13 16:42:22 [INFO] database [database.py:33]: Banco de dados inicializado: C:\Users\ma720097\OneDrive - Valmont Industries, Inc\Documents\bet\data\database\sports_analytics.db
2025-11-13 16:42:22 [INFO] __main__ [main_orchestrator.py:344]: 
============================================================
2025-11-13 16:42:22 [INFO] __main__ [main_orchestrator.py:345]: SPORTS ANALYTICS PIPELINE - INICIANDO
2025-11-13 16:42:22 [INFO] __main__ [main_orchestrator.py:346]: ============================================================

2025-11-13 16:42:31 [INFO] __main__ [main_orchestrator.py:123]: 
============================================================
2025-11-13 16:42:31 [INFO] __main__ [main_orchestrator.py:124]: INICIANDO COLETA DE DADOS
2025-11-13 16:42:31 [INFO] __main__ [main_orchestrator.py:125]: Liga: Premier League (Liga principal)
2025-11-13 16:42:31 [INFO] __main__ [main_orchestrator.py:126]: Temporadas: 2023-2024, 2024-2025
2025-11-13 16:42:31 [INFO] __main__ [main_orchestrator.py:127]: ============================================================

2025-11-13 16:42:31 [INFO] scraper_advanced [scraper_advanced.py:172]: Iniciando scraping completo da liga: https://fbref.com/en/comps/9/Premier-League-Stats
2025-11-13 16:42:31 [INFO] scraper_advanced [scraper_advanced.py:182]: 
============================================================
2025-11-13 16:42:31 [INFO] scraper_advanced [scraper_advanced.py:183]: TEMPORADA: 2023-2024
2025-11-13 16:42:31 [INFO] scraper_advanced [scraper_advanced.py:184]: ============================================================

2025-11-13 16:42:31 [INFO] scraper_advanced [scraper_advanced.py:117]: Buscando links de times em: https://fbref.com/en/comps/9/Premier-League-Stats
2025-11-13 16:42:31 [DEBUG] scraper_advanced [scraper_advanced.py:56]: Cache MISS para team_links
2025-11-13 16:42:31 [INFO] scraper_advanced [scraper_advanced.py:66]: Buscando team_links (tentativa 1/3)
2025-11-13 16:42:31 [DEBUG] urllib3.connectionpool [connectionpool.py:1049]: Starting new HTTPS connection (1): fbref.com:443
2025-11-13 16:42:32 [DEBUG] urllib3.connectionpool [connectionpool.py:544]: https://fbref.com:443 "GET /en/comps/9/Premier-League-Stats HTTP/1.1" 200 None
2025-11-13 16:42:32 [INFO] scraper_advanced [scraper_advanced.py:195]: 
[1/20] Time: Chelsea
2025-11-13 16:42:32 [INFO] scraper_advanced [scraper_advanced.py:152]: Buscando dados do time: https://fbref.com/en/squads/cff3d9bb/Chelsea-Stats
2025-11-13 16:42:32 [DEBUG] scraper_advanced [scraper_advanced.py:56]: Cache MISS para Standard Stats
2025-11-13 16:42:32 [DEBUG] scraper_advanced [scraper_advanced.py:38]: Rate limiting: aguardando 8.18s
2025-11-13 16:42:41 [INFO] scraper_advanced [scraper_advanced.py:66]: Buscando Standard Stats (tentativa 1/3)
2025-11-13 16:42:42 [DEBUG] urllib3.connectionpool [connectionpool.py:544]: https://fbref.com:443 "GET /en/squads/cff3d9bb/Chelsea-Stats HTTP/1.1" 200 None
2025-11-13 16:42:42 [ERROR] scraper_advanced [scraper_advanced.py:105]: Erro ao extrair tabela 'Standard Stats': Missing optional dependency 'lxml'.  Use pip or conda to install lxml.
2025-11-13 16:42:42 [WARNING] scraper_advanced [scraper_advanced.py:166]: Tabela 'standard' não encontrada
2025-11-13 16:42:42 [DEBUG] scraper_advanced [scraper_advanced.py:56]: Cache MISS para Miscellaneous Stats
2025-11-13 16:42:42 [DEBUG] scraper_advanced [scraper_advanced.py:38]: Rate limiting: aguardando 8.49s
2025-11-13 16:42:51 [INFO] scraper_advanced [scraper_advanced.py:66]: Buscando Miscellaneous Stats (tentativa 1/3)
2025-11-13 16:42:51 [DEBUG] urllib3.connectionpool [connectionpool.py:544]: https://fbref.com:443 "GET /en/squads/cff3d9bb/Chelsea-Stats HTTP/1.1" 200 None
2025-11-13 16:42:51 [ERROR] scraper_advanced [scraper_advanced.py:105]: Erro ao extrair tabela 'Miscellaneous Stats': Missing optional dependency 'lxml'.  Use pip or conda to install lxml.
2025-11-13 16:42:51 [WARNING] scraper_advanced [scraper_advanced.py:166]: Tabela 'miscellaneous' não encontrada
2025-11-13 16:42:51 [INFO] scraper_advanced [scraper_advanced.py:195]: 
[2/20] Time: Newcastle-United
2025-11-13 16:42:51 [INFO] scraper_advanced [scraper_advanced.py:152]: Buscando dados do time: https://fbref.com/en/squads/b2b47a98/Newcastle-United-Stats
2025-11-13 16:42:51 [DEBUG] scraper_advanced [scraper_advanced.py:56]: Cache MISS para Standard Stats
2025-11-13 16:42:51 [DEBUG] scraper_advanced [scraper_advanced.py:38]: Rate limiting: aguardando 9.84s
2025-11-13 16:43:01 [INFO] scraper_advanced [scraper_advanced.py:66]: Buscando Standard Stats (tentativa 1/3)
2025-11-13 16:43:02 [DEBUG] urllib3.connectionpool [connectionpool.py:544]: https://fbref.com:443 "GET /en/squads/b2b47a98/Newcastle-United-Stats HTTP/1.1" 200 None
2025-11-13 16:43:02 [ERROR] scraper_advanced [scraper_advanced.py:105]: Erro ao extrair tabela 'Standard Stats': Missing optional dependency 'lxml'.  Use pip or conda to install lxml.
2025-11-13 16:43:02 [WARNING] scraper_advanced [scraper_advanced.py:166]: Tabela 'standard' não encontrada
2025-11-13 16:43:02 [DEBUG] scraper_advanced [scraper_advanced.py:56]: Cache MISS para Miscellaneous Stats
2025-11-13 16:43:02 [DEBUG] scraper_advanced [scraper_advanced.py:38]: Rate limiting: aguardando 8.33s
2025-11-13 16:43:11 [INFO] scraper_advanced [scraper_advanced.py:66]: Buscando Miscellaneous Stats (tentativa 1/3)
2025-11-13 16:43:11 [DEBUG] urllib3.connectionpool [connectionpool.py:544]: https://fbref.com:443 "GET /en/squads/b2b47a98/Newcastle-United-Stats HTTP/1.1" 200 None
2025-11-13 16:43:11 [ERROR] scraper_advanced [scraper_advanced.py:105]: Erro ao extrair tabela 'Miscellaneous Stats': Missing optional dependency 'lxml'.  Use pip or conda to install lxml.
2025-11-13 16:43:11 [WARNING] scraper_advanced [scraper_advanced.py:166]: Tabela 'miscellaneous' não encontrada
2025-11-13 16:43:11 [INFO] scraper_advanced [scraper_advanced.py:195]: 
[3/20] Time: Aston-Villa
2025-11-13 16:43:11 [INFO] scraper_advanced [scraper_advanced.py:152]: Buscando dados do time: https://fbref.com/en/squads/8602292d/Aston-Villa-Stats
2025-11-13 16:43:11 [DEBUG] scraper_advanced [scraper_advanced.py:56]: Cache MISS para Standard Stats
2025-11-13 16:43:11 [DEBUG] scraper_advanced [scraper_advanced.py:38]: Rate limiting: aguardando 9.78s
2025-11-13 16:43:21 [INFO] scraper_advanced [scraper_advanced.py:66]: Buscando Standard Stats (tentativa 1/3)
2025-11-13 16:43:21 [DEBUG] urllib3.connectionpool [connectionpool.py:544]: https://fbref.com:443 "GET /en/squads/8602292d/Aston-Villa-Stats HTTP/1.1" 200 None
2025-11-13 16:43:21 [ERROR] scraper_advanced [scraper_advanced.py:105]: Erro ao extrair tabela 'Standard Stats': Missing optional dependency 'lxml'.  Use pip or conda to install lxml.
2025-11-13 16:43:21 [WARNING] scraper_advanced [scraper_advanced.py:166]: Tabela 'standard' não encontrada
2025-11-13 16:43:21 [DEBUG] scraper_advanced [scraper_advanced.py:56]: Cache MISS para Miscellaneous Stats
2025-11-13 16:43:21 [DEBUG] scraper_advanced [scraper_advanced.py:38]: Rate limiting: aguardando 9.49s
2025-11-13 16:43:31 [INFO] scraper_advanced [scraper_advanced.py:66]: Buscando Miscellaneous Stats (tentativa 1/3)
2025-11-13 16:43:31 [DEBUG] urllib3.connectionpool [connectionpool.py:544]: https://fbref.com:443 "GET /en/squads/8602292d/Aston-Villa-Stats HTTP/1.1" 200 None
2025-11-13 16:43:31 [ERROR] scraper_advanced [scraper_advanced.py:105]: Erro ao extrair tabela 'Miscellaneous Stats': Missing optional dependency 'lxml'.  Use pip or conda to install lxml.
2025-11-13 16:43:31 [WARNING] scraper_advanced [scraper_advanced.py:166]: Tabela 'miscellaneous' não encontrada
2025-11-13 16:43:31 [INFO] scraper_advanced [scraper_advanced.py:195]: 
[4/20] Time: Crystal-Palace
2025-11-13 16:43:31 [INFO] scraper_advanced [scraper_advanced.py:152]: Buscando dados do time: https://fbref.com/en/squads/47c64c55/Crystal-Palace-Stats
2025-11-13 16:43:31 [DEBUG] scraper_advanced [scraper_advanced.py:56]: Cache MISS para Standard Stats
2025-11-13 16:43:31 [DEBUG] scraper_advanced [scraper_advanced.py:38]: Rate limiting: aguardando 9.88s
2025-11-13 16:43:41 [INFO] scraper_advanced [scraper_advanced.py:66]: Buscando Standard Stats (tentativa 1/3)
2025-11-13 16:43:41 [DEBUG] urllib3.connectionpool [connectionpool.py:544]: https://fbref.com:443 "GET /en/squads/47c64c55/Crystal-Palace-Stats HTTP/1.1" 200 None
2025-11-13 16:43:41 [ERROR] scraper_advanced [scraper_advanced.py:105]: Erro ao extrair tabela 'Standard Stats': Missing optional dependency 'lxml'.  Use pip or conda to install lxml.
2025-11-13 16:43:41 [WARNING] scraper_advanced [scraper_advanced.py:166]: Tabela 'standard' não encontrada
2025-11-13 16:43:41 [DEBUG] scraper_advanced [scraper_advanced.py:56]: Cache MISS para Miscellaneous Stats
2025-11-13 16:43:41 [DEBUG] scraper_advanced [scraper_advanced.py:38]: Rate limiting: aguardando 9.32s
2025-11-13 16:43:51 [INFO] scraper_advanced [scraper_advanced.py:66]: Buscando Miscellaneous Stats (tentativa 1/3)
2025-11-13 16:43:51 [DEBUG] urllib3.connectionpool [connectionpool.py:544]: https://fbref.com:443 "GET /en/squads/47c64c55/Crystal-Palace-Stats HTTP/1.1" 200 None
2025-11-13 16:43:51 [ERROR] scraper_advanced [scraper_advanced.py:105]: Erro ao extrair tabela 'Miscellaneous Stats': Missing optional dependency 'lxml'.  Use pip or conda to install lxml.
2025-11-13 16:43:51 [WARNING] scraper_advanced [scraper_advanced.py:166]: Tabela 'miscellaneous' não encontrada
2025-11-13 16:43:51 [INFO] scraper_advanced [scraper_advanced.py:195]: 
[5/20] Time: Arsenal
2025-11-13 16:43:51 [INFO] scraper_advanced [scraper_advanced.py:152]: Buscando dados do time: https://fbref.com/en/squads/18bb7c10/Arsenal-Stats
2025-11-13 16:43:51 [DEBUG] scraper_advanced [scraper_advanced.py:56]: Cache MISS para Standard Stats
2025-11-13 16:43:51 [DEBUG] scraper_advanced [scraper_advanced.py:38]: Rate limiting: aguardando 9.87s
2025-11-13 16:44:01 [INFO] scraper_advanced [scraper_advanced.py:66]: Buscando Standard Stats (tentativa 1/3)
2025-11-13 16:44:01 [DEBUG] urllib3.connectionpool [connectionpool.py:544]: https://fbref.com:443 "GET /en/squads/18bb7c10/Arsenal-Stats HTTP/1.1" 200 None
2025-11-13 16:44:01 [ERROR] scraper_advanced [scraper_advanced.py:105]: Erro ao extrair tabela 'Standard Stats': Missing optional dependency 'lxml'.  Use pip or conda to install lxml.
2025-11-13 16:44:01 [WARNING] scraper_advanced [scraper_advanced.py:166]: Tabela 'standard' não encontrada
2025-11-13 16:44:01 [DEBUG] scraper_advanced [scraper_advanced.py:56]: Cache MISS para Miscellaneous Stats
2025-11-13 16:44:01 [DEBUG] scraper_advanced [scraper_advanced.py:38]: Rate limiting: aguardando 9.65s
2025-11-13 16:44:11 [INFO] scraper_advanced [scraper_advanced.py:66]: Buscando Miscellaneous Stats (tentativa 1/3)
2025-11-13 16:44:11 [DEBUG] urllib3.connectionpool [connectionpool.py:544]: https://fbref.com:443 "GET /en/squads/18bb7c10/Arsenal-Stats HTTP/1.1" 200 None
2025-11-13 16:44:11 [ERROR] scraper_advanced [scraper_advanced.py:105]: Erro ao extrair tabela 'Miscellaneous Stats': Missing optional dependency 'lxml'.  Use pip or conda to install lxml.
2025-11-13 16:44:11 [WARNING] scraper_advanced [scraper_advanced.py:166]: Tabela 'miscellaneous' não encontrada
2025-11-13 16:44:11 [INFO] scraper_advanced [scraper_advanced.py:195]: 
[6/20] Time: Wolverhampton-Wanderers
2025-11-13 16:44:11 [INFO] scraper_advanced [scraper_advanced.py:152]: Buscando dados do time: https://fbref.com/en/squads/8cec06e1/Wolverhampton-Wanderers-Stats
2025-11-13 16:44:11 [DEBUG] scraper_advanced [scraper_advanced.py:56]: Cache MISS para Standard Stats
2025-11-13 16:44:11 [DEBUG] scraper_advanced [scraper_advanced.py:38]: Rate limiting: aguardando 9.81s
2025-11-13 16:44:21 [INFO] scraper_advanced [scraper_advanced.py:66]: Buscando Standard Stats (tentativa 1/3)
2025-11-13 16:44:21 [DEBUG] urllib3.connectionpool [connectionpool.py:544]: https://fbref.com:443 "GET /en/squads/8cec06e1/Wolverhampton-Wanderers-Stats HTTP/1.1" 200 None
2025-11-13 16:44:21 [ERROR] scraper_advanced [scraper_advanced.py:105]: Erro ao extrair tabela 'Standard Stats': Missing optional dependency 'lxml'.  Use pip or conda to install lxml.
2025-11-13 16:44:21 [WARNING] scraper_advanced [scraper_advanced.py:166]: Tabela 'standard' não encontrada
2025-11-13 16:44:21 [DEBUG] scraper_advanced [scraper_advanced.py:56]: Cache MISS para Miscellaneous Stats
2025-11-13 16:44:21 [DEBUG] scraper_advanced [scraper_advanced.py:38]: Rate limiting: aguardando 9.68s
2025-11-13 16:44:31 [INFO] scraper_advanced [scraper_advanced.py:66]: Buscando Miscellaneous Stats (tentativa 1/3)
2025-11-13 16:44:31 [DEBUG] urllib3.connectionpool [connectionpool.py:544]: https://fbref.com:443 "GET /en/squads/8cec06e1/Wolverhampton-Wanderers-Stats HTTP/1.1" 200 None
2025-11-13 16:44:31 [ERROR] scraper_advanced [scraper_advanced.py:105]: Erro ao extrair tabela 'Miscellaneous Stats': Missing optional dependency 'lxml'.  Use pip or conda to install lxml.
2025-11-13 16:44:31 [WARNING] scraper_advanced [scraper_advanced.py:166]: Tabela 'miscellaneous' não encontrada
2025-11-13 16:44:31 [INFO] scraper_advanced [scraper_advanced.py:195]: 
[7/20] Time: Liverpool
2025-11-13 16:44:31 [INFO] scraper_advanced [scraper_advanced.py:152]: Buscando dados do time: https://fbref.com/en/squads/822bd0ba/Liverpool-Stats
2025-11-13 16:44:31 [DEBUG] scraper_advanced [scraper_advanced.py:56]: Cache MISS para Standard Stats
2025-11-13 16:44:31 [DEBUG] scraper_advanced [scraper_advanced.py:38]: Rate limiting: aguardando 9.85s
2025-11-13 16:44:41 [INFO] scraper_advanced [scraper_advanced.py:66]: Buscando Standard Stats (tentativa 1/3)
2025-11-13 16:44:41 [DEBUG] urllib3.connectionpool [connectionpool.py:544]: https://fbref.com:443 "GET /en/squads/822bd0ba/Liverpool-Stats HTTP/1.1" 200 None
2025-11-13 16:44:41 [ERROR] scraper_advanced [scraper_advanced.py:105]: Erro ao extrair tabela 'Standard Stats': Missing optional dependency 'lxml'.  Use pip or conda to install lxml.
2025-11-13 16:44:41 [WARNING] scraper_advanced [scraper_advanced.py:166]: Tabela 'standard' não encontrada
2025-11-13 16:44:41 [DEBUG] scraper_advanced [scraper_advanced.py:56]: Cache MISS para Miscellaneous Stats
2025-11-13 16:44:41 [DEBUG] scraper_advanced [scraper_advanced.py:38]: Rate limiting: aguardando 9.75s
2025-11-13 16:44:51 [INFO] scraper_advanced [scraper_advanced.py:66]: Buscando Miscellaneous Stats (tentativa 1/3)
2025-11-13 16:44:51 [DEBUG] urllib3.connectionpool [connectionpool.py:544]: https://fbref.com:443 "GET /en/squads/822bd0ba/Liverpool-Stats HTTP/1.1" 200 None
2025-11-13 16:44:51 [ERROR] scraper_advanced [scraper_advanced.py:105]: Erro ao extrair tabela 'Miscellaneous Stats': Missing optional dependency 'lxml'.  Use pip or conda to install lxml.
2025-11-13 16:44:51 [WARNING] scraper_advanced [scraper_advanced.py:166]: Tabela 'miscellaneous' não encontrada
2025-11-13 16:44:51 [INFO] scraper_advanced [scraper_advanced.py:195]: 
[8/20] Time: Brighton-and-Hove-Albion
2025-11-13 16:44:51 [INFO] scraper_advanced [scraper_advanced.py:152]: Buscando dados do time: https://fbref.com/en/squads/d07537b9/Brighton-and-Hove-Albion-Stats
2025-11-13 16:44:51 [DEBUG] scraper_advanced [scraper_advanced.py:56]: Cache MISS para Standard Stats
2025-11-13 16:44:51 [DEBUG] scraper_advanced [scraper_advanced.py:38]: Rate limiting: aguardando 9.79s
2025-11-13 16:45:01 [INFO] scraper_advanced [scraper_advanced.py:66]: Buscando Standard Stats (tentativa 1/3)
2025-11-13 16:45:01 [DEBUG] urllib3.connectionpool [connectionpool.py:544]: https://fbref.com:443 "GET /en/squads/d07537b9/Brighton-and-Hove-Albion-Stats HTTP/1.1" 200 None
2025-11-13 16:45:01 [ERROR] scraper_advanced [scraper_advanced.py:105]: Erro ao extrair tabela 'Standard Stats': Missing optional dependency 'lxml'.  Use pip or conda to install lxml.
2025-11-13 16:45:01 [WARNING] scraper_advanced [scraper_advanced.py:166]: Tabela 'standard' não encontrada
2025-11-13 16:45:01 [DEBUG] scraper_advanced [scraper_advanced.py:56]: Cache MISS para Miscellaneous Stats
2025-11-13 16:45:01 [DEBUG] scraper_advanced [scraper_advanced.py:38]: Rate limiting: aguardando 9.69s
2025-11-13 16:45:11 [INFO] scraper_advanced [scraper_advanced.py:66]: Buscando Miscellaneous Stats (tentativa 1/3)
2025-11-13 16:45:11 [DEBUG] urllib3.connectionpool [connectionpool.py:544]: https://fbref.com:443 "GET /en/squads/d07537b9/Brighton-and-Hove-Albion-Stats HTTP/1.1" 200 None
2025-11-13 16:45:11 [ERROR] scraper_advanced [scraper_advanced.py:105]: Erro ao extrair tabela 'Miscellaneous Stats': Missing optional dependency 'lxml'.  Use pip or conda to install lxml.
2025-11-13 16:45:11 [WARNING] scraper_advanced [scraper_advanced.py:166]: Tabela 'miscellaneous' não encontrada
2025-11-13 16:45:11 [INFO] scraper_advanced [scraper_advanced.py:195]: 
[9/20] Time: Burnley
2025-11-13 16:45:11 [INFO] scraper_advanced [scraper_advanced.py:152]: Buscando dados do time: https://fbref.com/en/squads/943e8050/Burnley-Stats
2025-11-13 16:45:11 [DEBUG] scraper_advanced [scraper_advanced.py:56]: Cache MISS para Standard Stats
2025-11-13 16:45:11 [DEBUG] scraper_advanced [scraper_advanced.py:38]: Rate limiting: aguardando 9.82s
2025-11-13 16:45:18 [INFO] __main__ [main_orchestrator.py:380]: 

Operação interrompida pelo usuário
2025-11-13 16:45:18 [INFO] database [database.py:194]: Conexão com banco de dados fechada
